<?xml version="1.0" encoding="UTF-8"?>
<!-- Generated by org.testng.reporters.JUnitXMLReporter -->
<testsuite ignored="14" hostname="Sheetals-Laptop.local" failures="1" tests="11" name="Test_All" time="77.16" errors="0" timestamp="2023-03-20T13:26:20 EDT">
  <testcase classname="com.mystore.testcases.LoginPageTest" name="loginTest" time="1.923"/>
  <testcase classname="com.mystore.testcases.EndToEndTest" name="endToEndTest" time="18.066"/>
  <testcase classname="com.mystore.testcases.IndexPageTest" name="verifyLogo" time="0.021"/>
  <testcase classname="com.mystore.testcases.IndexPageTest" name="verifyTitle" time="0.008">
    <failure type="java.lang.AssertionError" message="expected [true] but found [false]">
      <![CDATA[java.lang.AssertionError: expected [true] but found [false]
at com.mystore.testcases.IndexPageTest.verifyTitle(IndexPageTest.java:26)
at java.base/java.util.ArrayList.forEach(ArrayList.java:1511)
... Removed 31 stack frames]]>
    </failure>
  </testcase> <!-- verifyTitle -->
  <testcase classname="com.mystore.testcases.SearchResultPageTest" name="verifyProductSearch" time="1.039"/>
  <testcase classname="com.mystore.testcases.CreateAccountPageTest" name="verifyCreateAccountPageIsLaunched" time="1.614"/>
  <testcase classname="com.mystore.testcases.HomePageTest" name="verifyMyAddressesIsDisplayed" time="1.538"/>
  <testcase classname="com.mystore.testcases.HomePageTest" name="verifyOrderHistoryIsDisplayed" time="1.436"/>
  <testcase classname="com.mystore.testcases.HomePageTest" name="verifyWelcomeMsg" time="1.728"/>
  <testcase classname="com.mystore.testcases.OrderPageTest" name="verifyTotalPriceTest" time="4.115"/>
  <testcase classname="com.mystore.testcases.AddToCartPageTest" name="addToCartTest" time="3.158"/>
  <testcase classname="com.mystore.base.BaseClass" name="@BeforeTest setup" time="0.0">
    <ignored/>
  </testcase> <!-- @BeforeTest setup -->
  <testcase classname="com.mystore.base.BaseClass" name="@BeforeTest setup" time="0.0">
    <ignored/>
  </testcase> <!-- @BeforeTest setup -->
  <testcase classname="com.mystore.base.BaseClass" name="@BeforeSuite beforeSuite" time="0.0">
    <ignored/>
  </testcase> <!-- @BeforeSuite beforeSuite -->
  <testcase classname="com.mystore.base.BaseClass" name="@BeforeSuite beforeSuite" time="0.0">
    <ignored/>
  </testcase> <!-- @BeforeSuite beforeSuite -->
  <testcase classname="com.mystore.base.BaseClass" name="@BeforeSuite beforeSuite" time="0.0">
    <ignored/>
  </testcase> <!-- @BeforeSuite beforeSuite -->
  <testcase classname="com.mystore.base.BaseClass" name="@BeforeSuite beforeSuite" time="0.0">
    <ignored/>
  </testcase> <!-- @BeforeSuite beforeSuite -->
  <testcase classname="com.mystore.base.BaseClass" name="@BeforeTest setup" time="0.0">
    <ignored/>
  </testcase> <!-- @BeforeTest setup -->
  <testcase classname="com.mystore.base.BaseClass" name="@BeforeTest setup" time="0.0">
    <ignored/>
  </testcase> <!-- @BeforeTest setup -->
  <testcase classname="com.mystore.base.BaseClass" name="@BeforeTest setup" time="0.0">
    <ignored/>
  </testcase> <!-- @BeforeTest setup -->
  <testcase classname="com.mystore.base.BaseClass" name="@BeforeSuite beforeSuite" time="0.0">
    <ignored/>
  </testcase> <!-- @BeforeSuite beforeSuite -->
  <testcase classname="com.mystore.base.BaseClass" name="@BeforeSuite beforeSuite" time="0.0">
    <ignored/>
  </testcase> <!-- @BeforeSuite beforeSuite -->
  <testcase classname="com.mystore.base.BaseClass" name="@BeforeTest setup" time="0.0">
    <ignored/>
  </testcase> <!-- @BeforeTest setup -->
  <testcase classname="com.mystore.base.BaseClass" name="@BeforeTest setup" time="0.0">
    <ignored/>
  </testcase> <!-- @BeforeTest setup -->
  <testcase classname="com.mystore.base.BaseClass" name="@BeforeSuite beforeSuite" time="0.0">
    <ignored/>
  </testcase> <!-- @BeforeSuite beforeSuite -->
</testsuite> <!-- Test_All -->
